<?xml version="1.0" encoding="utf-8"?><testsuites><testsuite errors="0" failures="0" hostname="DESKTOP-98JDNLS" name="pytest" skipped="140" tests="361" time="2.346" timestamp="2020-08-31T14:25:10.778796"><testcase classname="pandas.tests.indexes.test_setops" name="test_union_same_types[unicode]" time="0.002"></testcase><testcase classname="pandas.tests.indexes.test_setops" name="test_union_same_types[string]" time="0.001"></testcase><testcase classname="pandas.tests.indexes.test_setops" name="test_union_same_types[datetime]" time="0.002"></testcase><testcase classname="pandas.tests.indexes.test_setops" name="test_union_same_types[datetime-tz]" time="0.001"></testcase><testcase classname="pandas.tests.indexes.test_setops" name="test_union_same_types[period]" time="0.002"></testcase><testcase classname="pandas.tests.indexes.test_setops" name="test_union_same_types[timedelta]" time="0.001"></testcase><testcase classname="pandas.tests.indexes.test_setops" name="test_union_same_types[int]" time="0.001"></testcase><testcase classname="pandas.tests.indexes.test_setops" name="test_union_same_types[uint]" time="0.001"></testcase><testcase classname="pandas.tests.indexes.test_setops" name="test_union_same_types[range]" time="0.001"></testcase><testcase classname="pandas.tests.indexes.test_setops" name="test_union_same_types[float]" time="0.001"></testcase><testcase classname="pandas.tests.indexes.test_setops" name="test_union_same_types[bool]" time="0.001"></testcase><testcase classname="pandas.tests.indexes.test_setops" name="test_union_same_types[categorical]" time="0.002"></testcase><testcase classname="pandas.tests.indexes.test_setops" name="test_union_same_types[interval]" time="0.005"></testcase><testcase classname="pandas.tests.indexes.test_setops" name="test_union_same_types[empty]" time="0.001"></testcase><testcase classname="pandas.tests.indexes.test_setops" name="test_union_same_types[tuples]" time="0.002"></testcase><testcase classname="pandas.tests.indexes.test_setops" name="test_union_same_types[mi-with-dt64tz-level]" time="0.002"></testcase><testcase classname="pandas.tests.indexes.test_setops" name="test_union_same_types[multi]" time="0.001"></testcase><testcase classname="pandas.tests.indexes.test_setops" name="test_union_same_types[repeats]" time="0.001"></testcase><testcase classname="pandas.tests.indexes.test_setops" name="test_union_different_types[unicode-unicode]" time="0.001"><skipped message="This test only considers non matching dtypes." type="pytest.xfail"></skipped></testcase><testcase classname="pandas.tests.indexes.test_setops" name="test_union_different_types[unicode-string]" time="0.002"><skipped message="This test only considers non matching dtypes." type="pytest.xfail"></skipped></testcase><testcase classname="pandas.tests.indexes.test_setops" name="test_union_different_types[unicode-datetime]" time="0.003"></testcase><testcase classname="pandas.tests.indexes.test_setops" name="test_union_different_types[unicode-datetime-tz]" time="0.004"></testcase><testcase classname="pandas.tests.indexes.test_setops" name="test_union_different_types[unicode-period]" time="0.003"></testcase><testcase classname="pandas.tests.indexes.test_setops" name="test_union_different_types[unicode-timedelta]" time="0.004"></testcase><testcase classname="pandas.tests.indexes.test_setops" name="test_union_different_types[unicode-int]" time="0.002"></testcase><testcase classname="pandas.tests.indexes.test_setops" name="test_union_different_types[unicode-uint]" time="0.002"></testcase><testcase classname="pandas.tests.indexes.test_setops" name="test_union_different_types[unicode-range]" time="0.002"></testcase><testcase classname="pandas.tests.indexes.test_setops" name="test_union_different_types[unicode-float]" time="0.002"></testcase><testcase classname="pandas.tests.indexes.test_setops" name="test_union_different_types[unicode-bool]" time="0.001"><skipped message="This test only considers non matching dtypes." type="pytest.xfail"></skipped></testcase><testcase classname="pandas.tests.indexes.test_setops" name="test_union_different_types[unicode-categorical]" time="0.002"></testcase><testcase classname="pandas.tests.indexes.test_setops" name="test_union_different_types[unicode-interval]" time="0.004"></testcase><testcase classname="pandas.tests.indexes.test_setops" name="test_union_different_types[unicode-empty]" time="0.001"><skipped message="This test only considers non matching dtypes." type="pytest.xfail"></skipped></testcase><testcase classname="pandas.tests.indexes.test_setops" name="test_union_different_types[unicode-tuples]" time="0.001"><skipped message="This test doesn&apos;t consider multiindixes." type="pytest.xfail"></skipped></testcase><testcase classname="pandas.tests.indexes.test_setops" name="test_union_different_types[unicode-mi-with-dt64tz-level]" time="0.001"><skipped message="This test doesn&apos;t consider multiindixes." type="pytest.xfail"></skipped></testcase><testcase classname="pandas.tests.indexes.test_setops" name="test_union_different_types[unicode-multi]" time="0.002"><skipped message="This test doesn&apos;t consider multiindixes." type="pytest.xfail"></skipped></testcase><testcase classname="pandas.tests.indexes.test_setops" name="test_union_different_types[unicode-repeats]" time="0.003"></testcase><testcase classname="pandas.tests.indexes.test_setops" name="test_union_different_types[string-unicode]" time="0.001"><skipped message="This test only considers non matching dtypes." type="pytest.xfail"></skipped></testcase><testcase classname="pandas.tests.indexes.test_setops" name="test_union_different_types[string-string]" time="0.001"><skipped message="This test only considers non matching dtypes." type="pytest.xfail"></skipped></testcase><testcase classname="pandas.tests.indexes.test_setops" name="test_union_different_types[string-datetime]" time="0.003"></testcase><testcase classname="pandas.tests.indexes.test_setops" name="test_union_different_types[string-datetime-tz]" time="0.006"></testcase><testcase classname="pandas.tests.indexes.test_setops" name="test_union_different_types[string-period]" time="0.006"></testcase><testcase classname="pandas.tests.indexes.test_setops" name="test_union_different_types[string-timedelta]" time="0.004"></testcase><testcase classname="pandas.tests.indexes.test_setops" name="test_union_different_types[string-int]" time="0.004"></testcase><testcase classname="pandas.tests.indexes.test_setops" name="test_union_different_types[string-uint]" time="0.002"></testcase><testcase classname="pandas.tests.indexes.test_setops" name="test_union_different_types[string-range]" time="0.002"></testcase><testcase classname="pandas.tests.indexes.test_setops" name="test_union_different_types[string-float]" time="0.002"></testcase><testcase classname="pandas.tests.indexes.test_setops" name="test_union_different_types[string-bool]" time="0.001"><skipped message="This test only considers non matching dtypes." type="pytest.xfail"></skipped></testcase><testcase classname="pandas.tests.indexes.test_setops" name="test_union_different_types[string-categorical]" time="0.002"></testcase><testcase classname="pandas.tests.indexes.test_setops" name="test_union_different_types[string-interval]" time="0.005"></testcase><testcase classname="pandas.tests.indexes.test_setops" name="test_union_different_types[string-empty]" time="0.001"><skipped message="This test only considers non matching dtypes." type="pytest.xfail"></skipped></testcase><testcase classname="pandas.tests.indexes.test_setops" name="test_union_different_types[string-tuples]" time="0.001"><skipped message="This test doesn&apos;t consider multiindixes." type="pytest.xfail"></skipped></testcase><testcase classname="pandas.tests.indexes.test_setops" name="test_union_different_types[string-mi-with-dt64tz-level]" time="0.001"><skipped message="This test doesn&apos;t consider multiindixes." type="pytest.xfail"></skipped></testcase><testcase classname="pandas.tests.indexes.test_setops" name="test_union_different_types[string-multi]" time="0.002"><skipped message="This test doesn&apos;t consider multiindixes." type="pytest.xfail"></skipped></testcase><testcase classname="pandas.tests.indexes.test_setops" name="test_union_different_types[string-repeats]" time="0.002"></testcase><testcase classname="pandas.tests.indexes.test_setops" name="test_union_different_types[datetime-unicode]" time="0.003"></testcase><testcase classname="pandas.tests.indexes.test_setops" name="test_union_different_types[datetime-string]" time="0.003"></testcase><testcase classname="pandas.tests.indexes.test_setops" name="test_union_different_types[datetime-datetime]" time="0.001"><skipped message="This test only considers non matching dtypes." type="pytest.xfail"></skipped></testcase><testcase classname="pandas.tests.indexes.test_setops" name="test_union_different_types[datetime-datetime-tz]" time="0.005"></testcase><testcase classname="pandas.tests.indexes.test_setops" name="test_union_different_types[datetime-period]" time="0.005"></testcase><testcase classname="pandas.tests.indexes.test_setops" name="test_union_different_types[datetime-timedelta]" time="0.004"></testcase><testcase classname="pandas.tests.indexes.test_setops" name="test_union_different_types[datetime-int]" time="0.003"></testcase><testcase classname="pandas.tests.indexes.test_setops" name="test_union_different_types[datetime-uint]" time="0.003"></testcase><testcase classname="pandas.tests.indexes.test_setops" name="test_union_different_types[datetime-range]" time="0.003"></testcase><testcase classname="pandas.tests.indexes.test_setops" name="test_union_different_types[datetime-float]" time="0.003"></testcase><testcase classname="pandas.tests.indexes.test_setops" name="test_union_different_types[datetime-bool]" time="0.003"></testcase><testcase classname="pandas.tests.indexes.test_setops" name="test_union_different_types[datetime-categorical]" time="0.003"></testcase><testcase classname="pandas.tests.indexes.test_setops" name="test_union_different_types[datetime-interval]" time="0.005"></testcase><testcase classname="pandas.tests.indexes.test_setops" name="test_union_different_types[datetime-empty]" time="0.002"></testcase><testcase classname="pandas.tests.indexes.test_setops" name="test_union_different_types[datetime-tuples]" time="0.001"><skipped message="This test doesn&apos;t consider multiindixes." type="pytest.xfail"></skipped></testcase><testcase classname="pandas.tests.indexes.test_setops" name="test_union_different_types[datetime-mi-with-dt64tz-level]" time="0.001"><skipped message="This test doesn&apos;t consider multiindixes." type="pytest.xfail"></skipped></testcase><testcase classname="pandas.tests.indexes.test_setops" name="test_union_different_types[datetime-multi]" time="0.001"><skipped message="This test doesn&apos;t consider multiindixes." type="pytest.xfail"></skipped></testcase><testcase classname="pandas.tests.indexes.test_setops" name="test_union_different_types[datetime-repeats]" time="0.003"></testcase><testcase classname="pandas.tests.indexes.test_setops" name="test_union_different_types[datetime-tz-unicode]" time="0.005"></testcase><testcase classname="pandas.tests.indexes.test_setops" name="test_union_different_types[datetime-tz-string]" time="0.004"></testcase><testcase classname="pandas.tests.indexes.test_setops" name="test_union_different_types[datetime-tz-datetime]" time="0.005"></testcase><testcase classname="pandas.tests.indexes.test_setops" name="test_union_different_types[datetime-tz-datetime-tz]" time="0.001"><skipped message="This test only considers non matching dtypes." type="pytest.xfail"></skipped></testcase><testcase classname="pandas.tests.indexes.test_setops" name="test_union_different_types[datetime-tz-period]" time="0.004"></testcase><testcase classname="pandas.tests.indexes.test_setops" name="test_union_different_types[datetime-tz-timedelta]" time="0.006"></testcase><testcase classname="pandas.tests.indexes.test_setops" name="test_union_different_types[datetime-tz-int]" time="0.004"></testcase><testcase classname="pandas.tests.indexes.test_setops" name="test_union_different_types[datetime-tz-uint]" time="0.004"></testcase><testcase classname="pandas.tests.indexes.test_setops" name="test_union_different_types[datetime-tz-range]" time="0.004"></testcase><testcase classname="pandas.tests.indexes.test_setops" name="test_union_different_types[datetime-tz-float]" time="0.004"></testcase><testcase classname="pandas.tests.indexes.test_setops" name="test_union_different_types[datetime-tz-bool]" time="0.004"></testcase><testcase classname="pandas.tests.indexes.test_setops" name="test_union_different_types[datetime-tz-categorical]" time="0.004"></testcase><testcase classname="pandas.tests.indexes.test_setops" name="test_union_different_types[datetime-tz-interval]" time="0.007"></testcase><testcase classname="pandas.tests.indexes.test_setops" name="test_union_different_types[datetime-tz-empty]" time="0.003"></testcase><testcase classname="pandas.tests.indexes.test_setops" name="test_union_different_types[datetime-tz-tuples]" time="0.001"><skipped message="This test doesn&apos;t consider multiindixes." type="pytest.xfail"></skipped></testcase><testcase classname="pandas.tests.indexes.test_setops" name="test_union_different_types[datetime-tz-mi-with-dt64tz-level]" time="0.001"><skipped message="This test doesn&apos;t consider multiindixes." type="pytest.xfail"></skipped></testcase><testcase classname="pandas.tests.indexes.test_setops" name="test_union_different_types[datetime-tz-multi]" time="0.001"><skipped message="This test doesn&apos;t consider multiindixes." type="pytest.xfail"></skipped></testcase><testcase classname="pandas.tests.indexes.test_setops" name="test_union_different_types[datetime-tz-repeats]" time="0.004"></testcase><testcase classname="pandas.tests.indexes.test_setops" name="test_union_different_types[period-unicode]" time="0.003"></testcase><testcase classname="pandas.tests.indexes.test_setops" name="test_union_different_types[period-string]" time="0.003"></testcase><testcase classname="pandas.tests.indexes.test_setops" name="test_union_different_types[period-datetime]" time="0.004"></testcase><testcase classname="pandas.tests.indexes.test_setops" name="test_union_different_types[period-datetime-tz]" time="0.004"></testcase><testcase classname="pandas.tests.indexes.test_setops" name="test_union_different_types[period-period]" time="0.001"><skipped message="This test only considers non matching dtypes." type="pytest.xfail"></skipped></testcase><testcase classname="pandas.tests.indexes.test_setops" name="test_union_different_types[period-timedelta]" time="0.010"></testcase><testcase classname="pandas.tests.indexes.test_setops" name="test_union_different_types[period-int]" time="0.003"></testcase><testcase classname="pandas.tests.indexes.test_setops" name="test_union_different_types[period-uint]" time="0.003"></testcase><testcase classname="pandas.tests.indexes.test_setops" name="test_union_different_types[period-range]" time="0.005"></testcase><testcase classname="pandas.tests.indexes.test_setops" name="test_union_different_types[period-float]" time="0.003"></testcase><testcase classname="pandas.tests.indexes.test_setops" name="test_union_different_types[period-bool]" time="0.003"></testcase><testcase classname="pandas.tests.indexes.test_setops" name="test_union_different_types[period-categorical]" time="0.003"></testcase><testcase classname="pandas.tests.indexes.test_setops" name="test_union_different_types[period-interval]" time="0.005"></testcase><testcase classname="pandas.tests.indexes.test_setops" name="test_union_different_types[period-empty]" time="0.002"></testcase><testcase classname="pandas.tests.indexes.test_setops" name="test_union_different_types[period-tuples]" time="0.001"><skipped message="This test doesn&apos;t consider multiindixes." type="pytest.xfail"></skipped></testcase><testcase classname="pandas.tests.indexes.test_setops" name="test_union_different_types[period-mi-with-dt64tz-level]" time="0.001"><skipped message="This test doesn&apos;t consider multiindixes." type="pytest.xfail"></skipped></testcase><testcase classname="pandas.tests.indexes.test_setops" name="test_union_different_types[period-multi]" time="0.001"><skipped message="This test doesn&apos;t consider multiindixes." type="pytest.xfail"></skipped></testcase><testcase classname="pandas.tests.indexes.test_setops" name="test_union_different_types[period-repeats]" time="0.004"></testcase><testcase classname="pandas.tests.indexes.test_setops" name="test_union_different_types[timedelta-unicode]" time="0.004"></testcase><testcase classname="pandas.tests.indexes.test_setops" name="test_union_different_types[timedelta-string]" time="0.003"></testcase><testcase classname="pandas.tests.indexes.test_setops" name="test_union_different_types[timedelta-datetime]" time="0.004"></testcase><testcase classname="pandas.tests.indexes.test_setops" name="test_union_different_types[timedelta-datetime-tz]" time="0.006"></testcase><testcase classname="pandas.tests.indexes.test_setops" name="test_union_different_types[timedelta-period]" time="0.004"></testcase><testcase classname="pandas.tests.indexes.test_setops" name="test_union_different_types[timedelta-timedelta]" time="0.001"><skipped message="This test only considers non matching dtypes." type="pytest.xfail"></skipped></testcase><testcase classname="pandas.tests.indexes.test_setops" name="test_union_different_types[timedelta-int]" time="0.006"></testcase><testcase classname="pandas.tests.indexes.test_setops" name="test_union_different_types[timedelta-uint]" time="0.004"></testcase><testcase classname="pandas.tests.indexes.test_setops" name="test_union_different_types[timedelta-range]" time="0.004"></testcase><testcase classname="pandas.tests.indexes.test_setops" name="test_union_different_types[timedelta-float]" time="0.003"></testcase><testcase classname="pandas.tests.indexes.test_setops" name="test_union_different_types[timedelta-bool]" time="0.003"></testcase><testcase classname="pandas.tests.indexes.test_setops" name="test_union_different_types[timedelta-categorical]" time="0.006"></testcase><testcase classname="pandas.tests.indexes.test_setops" name="test_union_different_types[timedelta-interval]" time="0.005"></testcase><testcase classname="pandas.tests.indexes.test_setops" name="test_union_different_types[timedelta-empty]" time="0.003"></testcase><testcase classname="pandas.tests.indexes.test_setops" name="test_union_different_types[timedelta-tuples]" time="0.001"><skipped message="This test doesn&apos;t consider multiindixes." type="pytest.xfail"></skipped></testcase><testcase classname="pandas.tests.indexes.test_setops" name="test_union_different_types[timedelta-mi-with-dt64tz-level]" time="0.001"><skipped message="This test doesn&apos;t consider multiindixes." type="pytest.xfail"></skipped></testcase><testcase classname="pandas.tests.indexes.test_setops" name="test_union_different_types[timedelta-multi]" time="0.001"><skipped message="This test doesn&apos;t consider multiindixes." type="pytest.xfail"></skipped></testcase><testcase classname="pandas.tests.indexes.test_setops" name="test_union_different_types[timedelta-repeats]" time="0.003"></testcase><testcase classname="pandas.tests.indexes.test_setops" name="test_union_different_types[int-unicode]" time="0.002"></testcase><testcase classname="pandas.tests.indexes.test_setops" name="test_union_different_types[int-string]" time="0.002"></testcase><testcase classname="pandas.tests.indexes.test_setops" name="test_union_different_types[int-datetime]" time="0.003"></testcase><testcase classname="pandas.tests.indexes.test_setops" name="test_union_different_types[int-datetime-tz]" time="0.004"></testcase><testcase classname="pandas.tests.indexes.test_setops" name="test_union_different_types[int-period]" time="0.003"></testcase><testcase classname="pandas.tests.indexes.test_setops" name="test_union_different_types[int-timedelta]" time="0.003"></testcase><testcase classname="pandas.tests.indexes.test_setops" name="test_union_different_types[int-int]" time="0.001"><skipped message="This test only considers non matching dtypes." type="pytest.xfail"></skipped></testcase><testcase classname="pandas.tests.indexes.test_setops" name="test_union_different_types[int-uint]" time="0.002"></testcase><testcase classname="pandas.tests.indexes.test_setops" name="test_union_different_types[int-range]" time="0.001"><skipped message="This test only considers non compatible indexes." type="pytest.xfail"></skipped></testcase><testcase classname="pandas.tests.indexes.test_setops" name="test_union_different_types[int-float]" time="0.001"><skipped message="This test only considers non compatible indexes." type="pytest.xfail"></skipped></testcase><testcase classname="pandas.tests.indexes.test_setops" name="test_union_different_types[int-bool]" time="0.002"></testcase><testcase classname="pandas.tests.indexes.test_setops" name="test_union_different_types[int-categorical]" time="0.002"></testcase><testcase classname="pandas.tests.indexes.test_setops" name="test_union_different_types[int-interval]" time="0.004"></testcase><testcase classname="pandas.tests.indexes.test_setops" name="test_union_different_types[int-empty]" time="0.003"></testcase><testcase classname="pandas.tests.indexes.test_setops" name="test_union_different_types[int-tuples]" time="0.002"><skipped message="This test doesn&apos;t consider multiindixes." type="pytest.xfail"></skipped></testcase><testcase classname="pandas.tests.indexes.test_setops" name="test_union_different_types[int-mi-with-dt64tz-level]" time="0.002"><skipped message="This test doesn&apos;t consider multiindixes." type="pytest.xfail"></skipped></testcase><testcase classname="pandas.tests.indexes.test_setops" name="test_union_different_types[int-multi]" time="0.001"><skipped message="This test doesn&apos;t consider multiindixes." type="pytest.xfail"></skipped></testcase><testcase classname="pandas.tests.indexes.test_setops" name="test_union_different_types[int-repeats]" time="0.002"><skipped message="This test only considers non matching dtypes." type="pytest.xfail"></skipped></testcase><testcase classname="pandas.tests.indexes.test_setops" name="test_union_different_types[uint-unicode]" time="0.002"></testcase><testcase classname="pandas.tests.indexes.test_setops" name="test_union_different_types[uint-string]" time="0.002"></testcase><testcase classname="pandas.tests.indexes.test_setops" name="test_union_different_types[uint-datetime]" time="0.003"></testcase><testcase classname="pandas.tests.indexes.test_setops" name="test_union_different_types[uint-datetime-tz]" time="0.004"></testcase><testcase classname="pandas.tests.indexes.test_setops" name="test_union_different_types[uint-period]" time="0.003"></testcase><testcase classname="pandas.tests.indexes.test_setops" name="test_union_different_types[uint-timedelta]" time="0.004"></testcase><testcase classname="pandas.tests.indexes.test_setops" name="test_union_different_types[uint-int]" time="0.002"></testcase><testcase classname="pandas.tests.indexes.test_setops" name="test_union_different_types[uint-uint]" time="0.001"><skipped message="This test only considers non matching dtypes." type="pytest.xfail"></skipped></testcase><testcase classname="pandas.tests.indexes.test_setops" name="test_union_different_types[uint-range]" time="0.002"></testcase><testcase classname="pandas.tests.indexes.test_setops" name="test_union_different_types[uint-float]" time="0.001"><skipped message="This test only considers non compatible indexes." type="pytest.xfail"></skipped></testcase><testcase classname="pandas.tests.indexes.test_setops" name="test_union_different_types[uint-bool]" time="0.002"></testcase><testcase classname="pandas.tests.indexes.test_setops" name="test_union_different_types[uint-categorical]" time="0.002"></testcase><testcase classname="pandas.tests.indexes.test_setops" name="test_union_different_types[uint-interval]" time="0.004"></testcase><testcase classname="pandas.tests.indexes.test_setops" name="test_union_different_types[uint-empty]" time="0.002"></testcase><testcase classname="pandas.tests.indexes.test_setops" name="test_union_different_types[uint-tuples]" time="0.001"><skipped message="This test doesn&apos;t consider multiindixes." type="pytest.xfail"></skipped></testcase><testcase classname="pandas.tests.indexes.test_setops" name="test_union_different_types[uint-mi-with-dt64tz-level]" time="0.001"><skipped message="This test doesn&apos;t consider multiindixes." type="pytest.xfail"></skipped></testcase><testcase classname="pandas.tests.indexes.test_setops" name="test_union_different_types[uint-multi]" time="0.001"><skipped message="This test doesn&apos;t consider multiindixes." type="pytest.xfail"></skipped></testcase><testcase classname="pandas.tests.indexes.test_setops" name="test_union_different_types[uint-repeats]" time="0.002"></testcase><testcase classname="pandas.tests.indexes.test_setops" name="test_union_different_types[range-unicode]" time="0.002"></testcase><testcase classname="pandas.tests.indexes.test_setops" name="test_union_different_types[range-string]" time="0.002"></testcase><testcase classname="pandas.tests.indexes.test_setops" name="test_union_different_types[range-datetime]" time="0.003"></testcase><testcase classname="pandas.tests.indexes.test_setops" name="test_union_different_types[range-datetime-tz]" time="0.008"></testcase><testcase classname="pandas.tests.indexes.test_setops" name="test_union_different_types[range-period]" time="0.003"></testcase><testcase classname="pandas.tests.indexes.test_setops" name="test_union_different_types[range-timedelta]" time="0.004"></testcase><testcase classname="pandas.tests.indexes.test_setops" name="test_union_different_types[range-int]" time="0.001"><skipped message="This test only considers non compatible indexes." type="pytest.xfail"></skipped></testcase><testcase classname="pandas.tests.indexes.test_setops" name="test_union_different_types[range-uint]" time="0.002"></testcase><testcase classname="pandas.tests.indexes.test_setops" name="test_union_different_types[range-range]" time="0.001"><skipped message="This test only considers non matching dtypes." type="pytest.xfail"></skipped></testcase><testcase classname="pandas.tests.indexes.test_setops" name="test_union_different_types[range-float]" time="0.002"><skipped message="This test only considers non compatible indexes." type="pytest.xfail"></skipped></testcase><testcase classname="pandas.tests.indexes.test_setops" name="test_union_different_types[range-bool]" time="0.002"></testcase><testcase classname="pandas.tests.indexes.test_setops" name="test_union_different_types[range-categorical]" time="0.002"></testcase><testcase classname="pandas.tests.indexes.test_setops" name="test_union_different_types[range-interval]" time="0.005"></testcase><testcase classname="pandas.tests.indexes.test_setops" name="test_union_different_types[range-empty]" time="0.001"></testcase><testcase classname="pandas.tests.indexes.test_setops" name="test_union_different_types[range-tuples]" time="0.001"><skipped message="This test doesn&apos;t consider multiindixes." type="pytest.xfail"></skipped></testcase><testcase classname="pandas.tests.indexes.test_setops" name="test_union_different_types[range-mi-with-dt64tz-level]" time="0.001"><skipped message="This test doesn&apos;t consider multiindixes." type="pytest.xfail"></skipped></testcase><testcase classname="pandas.tests.indexes.test_setops" name="test_union_different_types[range-multi]" time="0.002"><skipped message="This test doesn&apos;t consider multiindixes." type="pytest.xfail"></skipped></testcase><testcase classname="pandas.tests.indexes.test_setops" name="test_union_different_types[range-repeats]" time="0.001"><skipped message="This test only considers non compatible indexes." type="pytest.xfail"></skipped></testcase><testcase classname="pandas.tests.indexes.test_setops" name="test_union_different_types[float-unicode]" time="0.002"></testcase><testcase classname="pandas.tests.indexes.test_setops" name="test_union_different_types[float-string]" time="0.002"></testcase><testcase classname="pandas.tests.indexes.test_setops" name="test_union_different_types[float-datetime]" time="0.003"></testcase><testcase classname="pandas.tests.indexes.test_setops" name="test_union_different_types[float-datetime-tz]" time="0.004"></testcase><testcase classname="pandas.tests.indexes.test_setops" name="test_union_different_types[float-period]" time="0.005"></testcase><testcase classname="pandas.tests.indexes.test_setops" name="test_union_different_types[float-timedelta]" time="0.004"></testcase><testcase classname="pandas.tests.indexes.test_setops" name="test_union_different_types[float-int]" time="0.001"><skipped message="This test only considers non compatible indexes." type="pytest.xfail"></skipped></testcase><testcase classname="pandas.tests.indexes.test_setops" name="test_union_different_types[float-uint]" time="0.002"><skipped message="This test only considers non compatible indexes." type="pytest.xfail"></skipped></testcase><testcase classname="pandas.tests.indexes.test_setops" name="test_union_different_types[float-range]" time="0.002"><skipped message="This test only considers non compatible indexes." type="pytest.xfail"></skipped></testcase><testcase classname="pandas.tests.indexes.test_setops" name="test_union_different_types[float-float]" time="0.001"><skipped message="This test only considers non matching dtypes." type="pytest.xfail"></skipped></testcase><testcase classname="pandas.tests.indexes.test_setops" name="test_union_different_types[float-bool]" time="0.002"></testcase><testcase classname="pandas.tests.indexes.test_setops" name="test_union_different_types[float-categorical]" time="0.002"></testcase><testcase classname="pandas.tests.indexes.test_setops" name="test_union_different_types[float-interval]" time="0.004"></testcase><testcase classname="pandas.tests.indexes.test_setops" name="test_union_different_types[float-empty]" time="0.002"></testcase><testcase classname="pandas.tests.indexes.test_setops" name="test_union_different_types[float-tuples]" time="0.002"><skipped message="This test doesn&apos;t consider multiindixes." type="pytest.xfail"></skipped></testcase><testcase classname="pandas.tests.indexes.test_setops" name="test_union_different_types[float-mi-with-dt64tz-level]" time="0.002"><skipped message="This test doesn&apos;t consider multiindixes." type="pytest.xfail"></skipped></testcase><testcase classname="pandas.tests.indexes.test_setops" name="test_union_different_types[float-multi]" time="0.002"><skipped message="This test doesn&apos;t consider multiindixes." type="pytest.xfail"></skipped></testcase><testcase classname="pandas.tests.indexes.test_setops" name="test_union_different_types[float-repeats]" time="0.002"><skipped message="This test only considers non compatible indexes." type="pytest.xfail"></skipped></testcase><testcase classname="pandas.tests.indexes.test_setops" name="test_union_different_types[bool-unicode]" time="0.001"><skipped message="This test only considers non matching dtypes." type="pytest.xfail"></skipped></testcase><testcase classname="pandas.tests.indexes.test_setops" name="test_union_different_types[bool-string]" time="0.001"><skipped message="This test only considers non matching dtypes." type="pytest.xfail"></skipped></testcase><testcase classname="pandas.tests.indexes.test_setops" name="test_union_different_types[bool-datetime]" time="0.004"></testcase><testcase classname="pandas.tests.indexes.test_setops" name="test_union_different_types[bool-datetime-tz]" time="0.005"></testcase><testcase classname="pandas.tests.indexes.test_setops" name="test_union_different_types[bool-period]" time="0.003"></testcase><testcase classname="pandas.tests.indexes.test_setops" name="test_union_different_types[bool-timedelta]" time="0.004"></testcase><testcase classname="pandas.tests.indexes.test_setops" name="test_union_different_types[bool-int]" time="0.002"></testcase><testcase classname="pandas.tests.indexes.test_setops" name="test_union_different_types[bool-uint]" time="0.002"></testcase><testcase classname="pandas.tests.indexes.test_setops" name="test_union_different_types[bool-range]" time="0.002"></testcase><testcase classname="pandas.tests.indexes.test_setops" name="test_union_different_types[bool-float]" time="0.002"></testcase><testcase classname="pandas.tests.indexes.test_setops" name="test_union_different_types[bool-bool]" time="0.001"><skipped message="This test only considers non matching dtypes." type="pytest.xfail"></skipped></testcase><testcase classname="pandas.tests.indexes.test_setops" name="test_union_different_types[bool-categorical]" time="0.003"></testcase><testcase classname="pandas.tests.indexes.test_setops" name="test_union_different_types[bool-interval]" time="0.004"></testcase><testcase classname="pandas.tests.indexes.test_setops" name="test_union_different_types[bool-empty]" time="0.001"><skipped message="This test only considers non matching dtypes." type="pytest.xfail"></skipped></testcase><testcase classname="pandas.tests.indexes.test_setops" name="test_union_different_types[bool-tuples]" time="0.001"><skipped message="This test doesn&apos;t consider multiindixes." type="pytest.xfail"></skipped></testcase><testcase classname="pandas.tests.indexes.test_setops" name="test_union_different_types[bool-mi-with-dt64tz-level]" time="0.001"><skipped message="This test doesn&apos;t consider multiindixes." type="pytest.xfail"></skipped></testcase><testcase classname="pandas.tests.indexes.test_setops" name="test_union_different_types[bool-multi]" time="0.001"><skipped message="This test doesn&apos;t consider multiindixes." type="pytest.xfail"></skipped></testcase><testcase classname="pandas.tests.indexes.test_setops" name="test_union_different_types[bool-repeats]" time="0.002"></testcase><testcase classname="pandas.tests.indexes.test_setops" name="test_union_different_types[categorical-unicode]" time="0.002"></testcase><testcase classname="pandas.tests.indexes.test_setops" name="test_union_different_types[categorical-string]" time="0.003"></testcase><testcase classname="pandas.tests.indexes.test_setops" name="test_union_different_types[categorical-datetime]" time="0.003"></testcase><testcase classname="pandas.tests.indexes.test_setops" name="test_union_different_types[categorical-datetime-tz]" time="0.005"></testcase><testcase classname="pandas.tests.indexes.test_setops" name="test_union_different_types[categorical-period]" time="0.003"></testcase><testcase classname="pandas.tests.indexes.test_setops" name="test_union_different_types[categorical-timedelta]" time="0.004"></testcase><testcase classname="pandas.tests.indexes.test_setops" name="test_union_different_types[categorical-int]" time="0.002"></testcase><testcase classname="pandas.tests.indexes.test_setops" name="test_union_different_types[categorical-uint]" time="0.002"></testcase><testcase classname="pandas.tests.indexes.test_setops" name="test_union_different_types[categorical-range]" time="0.002"></testcase><testcase classname="pandas.tests.indexes.test_setops" name="test_union_different_types[categorical-float]" time="0.002"></testcase><testcase classname="pandas.tests.indexes.test_setops" name="test_union_different_types[categorical-bool]" time="0.003"></testcase><testcase classname="pandas.tests.indexes.test_setops" name="test_union_different_types[categorical-categorical]" time="0.001"><skipped message="This test only considers non matching dtypes." type="pytest.xfail"></skipped></testcase><testcase classname="pandas.tests.indexes.test_setops" name="test_union_different_types[categorical-interval]" time="0.004"></testcase><testcase classname="pandas.tests.indexes.test_setops" name="test_union_different_types[categorical-empty]" time="0.003"></testcase><testcase classname="pandas.tests.indexes.test_setops" name="test_union_different_types[categorical-tuples]" time="0.001"><skipped message="This test doesn&apos;t consider multiindixes." type="pytest.xfail"></skipped></testcase><testcase classname="pandas.tests.indexes.test_setops" name="test_union_different_types[categorical-mi-with-dt64tz-level]" time="0.001"><skipped message="This test doesn&apos;t consider multiindixes." type="pytest.xfail"></skipped></testcase><testcase classname="pandas.tests.indexes.test_setops" name="test_union_different_types[categorical-multi]" time="0.001"><skipped message="This test doesn&apos;t consider multiindixes." type="pytest.xfail"></skipped></testcase><testcase classname="pandas.tests.indexes.test_setops" name="test_union_different_types[categorical-repeats]" time="0.003"></testcase><testcase classname="pandas.tests.indexes.test_setops" name="test_union_different_types[interval-unicode]" time="0.004"></testcase><testcase classname="pandas.tests.indexes.test_setops" name="test_union_different_types[interval-string]" time="0.004"></testcase><testcase classname="pandas.tests.indexes.test_setops" name="test_union_different_types[interval-datetime]" time="0.005"></testcase><testcase classname="pandas.tests.indexes.test_setops" name="test_union_different_types[interval-datetime-tz]" time="0.007"></testcase><testcase classname="pandas.tests.indexes.test_setops" name="test_union_different_types[interval-period]" time="0.005"></testcase><testcase classname="pandas.tests.indexes.test_setops" name="test_union_different_types[interval-timedelta]" time="0.006"></testcase><testcase classname="pandas.tests.indexes.test_setops" name="test_union_different_types[interval-int]" time="0.004"></testcase><testcase classname="pandas.tests.indexes.test_setops" name="test_union_different_types[interval-uint]" time="0.004"></testcase><testcase classname="pandas.tests.indexes.test_setops" name="test_union_different_types[interval-range]" time="0.004"></testcase><testcase classname="pandas.tests.indexes.test_setops" name="test_union_different_types[interval-float]" time="0.004"></testcase><testcase classname="pandas.tests.indexes.test_setops" name="test_union_different_types[interval-bool]" time="0.005"></testcase><testcase classname="pandas.tests.indexes.test_setops" name="test_union_different_types[interval-categorical]" time="0.004"></testcase><testcase classname="pandas.tests.indexes.test_setops" name="test_union_different_types[interval-interval]" time="0.001"><skipped message="This test only considers non matching dtypes." type="pytest.xfail"></skipped></testcase><testcase classname="pandas.tests.indexes.test_setops" name="test_union_different_types[interval-empty]" time="0.003"></testcase><testcase classname="pandas.tests.indexes.test_setops" name="test_union_different_types[interval-tuples]" time="0.001"><skipped message="This test doesn&apos;t consider multiindixes." type="pytest.xfail"></skipped></testcase><testcase classname="pandas.tests.indexes.test_setops" name="test_union_different_types[interval-mi-with-dt64tz-level]" time="0.001"><skipped message="This test doesn&apos;t consider multiindixes." type="pytest.xfail"></skipped></testcase><testcase classname="pandas.tests.indexes.test_setops" name="test_union_different_types[interval-multi]" time="0.001"><skipped message="This test doesn&apos;t consider multiindixes." type="pytest.xfail"></skipped></testcase><testcase classname="pandas.tests.indexes.test_setops" name="test_union_different_types[interval-repeats]" time="0.003"></testcase><testcase classname="pandas.tests.indexes.test_setops" name="test_union_different_types[empty-unicode]" time="0.001"><skipped message="This test only considers non matching dtypes." type="pytest.xfail"></skipped></testcase><testcase classname="pandas.tests.indexes.test_setops" name="test_union_different_types[empty-string]" time="0.001"><skipped message="This test only considers non matching dtypes." type="pytest.xfail"></skipped></testcase><testcase classname="pandas.tests.indexes.test_setops" name="test_union_different_types[empty-datetime]" time="0.002"></testcase><testcase classname="pandas.tests.indexes.test_setops" name="test_union_different_types[empty-datetime-tz]" time="0.003"></testcase><testcase classname="pandas.tests.indexes.test_setops" name="test_union_different_types[empty-period]" time="0.003"></testcase><testcase classname="pandas.tests.indexes.test_setops" name="test_union_different_types[empty-timedelta]" time="0.003"></testcase><testcase classname="pandas.tests.indexes.test_setops" name="test_union_different_types[empty-int]" time="0.001"></testcase><testcase classname="pandas.tests.indexes.test_setops" name="test_union_different_types[empty-uint]" time="0.001"></testcase><testcase classname="pandas.tests.indexes.test_setops" name="test_union_different_types[empty-range]" time="0.001"></testcase><testcase classname="pandas.tests.indexes.test_setops" name="test_union_different_types[empty-float]" time="0.001"></testcase><testcase classname="pandas.tests.indexes.test_setops" name="test_union_different_types[empty-bool]" time="0.001"><skipped message="This test only considers non matching dtypes." type="pytest.xfail"></skipped></testcase><testcase classname="pandas.tests.indexes.test_setops" name="test_union_different_types[empty-categorical]" time="0.002"></testcase><testcase classname="pandas.tests.indexes.test_setops" name="test_union_different_types[empty-interval]" time="0.003"></testcase><testcase classname="pandas.tests.indexes.test_setops" name="test_union_different_types[empty-empty]" time="0.001"><skipped message="This test only considers non matching dtypes." type="pytest.xfail"></skipped></testcase><testcase classname="pandas.tests.indexes.test_setops" name="test_union_different_types[empty-tuples]" time="0.002"><skipped message="This test doesn&apos;t consider multiindixes." type="pytest.xfail"></skipped></testcase><testcase classname="pandas.tests.indexes.test_setops" name="test_union_different_types[empty-mi-with-dt64tz-level]" time="0.001"><skipped message="This test doesn&apos;t consider multiindixes." type="pytest.xfail"></skipped></testcase><testcase classname="pandas.tests.indexes.test_setops" name="test_union_different_types[empty-multi]" time="0.001"><skipped message="This test doesn&apos;t consider multiindixes." type="pytest.xfail"></skipped></testcase><testcase classname="pandas.tests.indexes.test_setops" name="test_union_different_types[empty-repeats]" time="0.001"></testcase><testcase classname="pandas.tests.indexes.test_setops" name="test_union_different_types[tuples-unicode]" time="0.001"><skipped message="This test doesn&apos;t consider multiindixes." type="pytest.xfail"></skipped></testcase><testcase classname="pandas.tests.indexes.test_setops" name="test_union_different_types[tuples-string]" time="0.001"><skipped message="This test doesn&apos;t consider multiindixes." type="pytest.xfail"></skipped></testcase><testcase classname="pandas.tests.indexes.test_setops" name="test_union_different_types[tuples-datetime]" time="0.001"><skipped message="This test doesn&apos;t consider multiindixes." type="pytest.xfail"></skipped></testcase><testcase classname="pandas.tests.indexes.test_setops" name="test_union_different_types[tuples-datetime-tz]" time="0.001"><skipped message="This test doesn&apos;t consider multiindixes." type="pytest.xfail"></skipped></testcase><testcase classname="pandas.tests.indexes.test_setops" name="test_union_different_types[tuples-period]" time="0.001"><skipped message="This test doesn&apos;t consider multiindixes." type="pytest.xfail"></skipped></testcase><testcase classname="pandas.tests.indexes.test_setops" name="test_union_different_types[tuples-timedelta]" time="0.002"><skipped message="This test doesn&apos;t consider multiindixes." type="pytest.xfail"></skipped></testcase><testcase classname="pandas.tests.indexes.test_setops" name="test_union_different_types[tuples-int]" time="0.001"><skipped message="This test doesn&apos;t consider multiindixes." type="pytest.xfail"></skipped></testcase><testcase classname="pandas.tests.indexes.test_setops" name="test_union_different_types[tuples-uint]" time="0.001"><skipped message="This test doesn&apos;t consider multiindixes." type="pytest.xfail"></skipped></testcase><testcase classname="pandas.tests.indexes.test_setops" name="test_union_different_types[tuples-range]" time="0.001"><skipped message="This test doesn&apos;t consider multiindixes." type="pytest.xfail"></skipped></testcase><testcase classname="pandas.tests.indexes.test_setops" name="test_union_different_types[tuples-float]" time="0.001"><skipped message="This test doesn&apos;t consider multiindixes." type="pytest.xfail"></skipped></testcase><testcase classname="pandas.tests.indexes.test_setops" name="test_union_different_types[tuples-bool]" time="0.001"><skipped message="This test doesn&apos;t consider multiindixes." type="pytest.xfail"></skipped></testcase><testcase classname="pandas.tests.indexes.test_setops" name="test_union_different_types[tuples-categorical]" time="0.001"><skipped message="This test doesn&apos;t consider multiindixes." type="pytest.xfail"></skipped></testcase><testcase classname="pandas.tests.indexes.test_setops" name="test_union_different_types[tuples-interval]" time="0.001"><skipped message="This test doesn&apos;t consider multiindixes." type="pytest.xfail"></skipped></testcase><testcase classname="pandas.tests.indexes.test_setops" name="test_union_different_types[tuples-empty]" time="0.001"><skipped message="This test doesn&apos;t consider multiindixes." type="pytest.xfail"></skipped></testcase><testcase classname="pandas.tests.indexes.test_setops" name="test_union_different_types[tuples-tuples]" time="0.001"><skipped message="This test doesn&apos;t consider multiindixes." type="pytest.xfail"></skipped></testcase><testcase classname="pandas.tests.indexes.test_setops" name="test_union_different_types[tuples-mi-with-dt64tz-level]" time="0.002"><skipped message="This test doesn&apos;t consider multiindixes." type="pytest.xfail"></skipped></testcase><testcase classname="pandas.tests.indexes.test_setops" name="test_union_different_types[tuples-multi]" time="0.001"><skipped message="This test doesn&apos;t consider multiindixes." type="pytest.xfail"></skipped></testcase><testcase classname="pandas.tests.indexes.test_setops" name="test_union_different_types[tuples-repeats]" time="0.001"><skipped message="This test doesn&apos;t consider multiindixes." type="pytest.xfail"></skipped></testcase><testcase classname="pandas.tests.indexes.test_setops" name="test_union_different_types[mi-with-dt64tz-level-unicode]" time="0.002"><skipped message="This test doesn&apos;t consider multiindixes." type="pytest.xfail"></skipped></testcase><testcase classname="pandas.tests.indexes.test_setops" name="test_union_different_types[mi-with-dt64tz-level-string]" time="0.002"><skipped message="This test doesn&apos;t consider multiindixes." type="pytest.xfail"></skipped></testcase><testcase classname="pandas.tests.indexes.test_setops" name="test_union_different_types[mi-with-dt64tz-level-datetime]" time="0.001"><skipped message="This test doesn&apos;t consider multiindixes." type="pytest.xfail"></skipped></testcase><testcase classname="pandas.tests.indexes.test_setops" name="test_union_different_types[mi-with-dt64tz-level-datetime-tz]" time="0.002"><skipped message="This test doesn&apos;t consider multiindixes." type="pytest.xfail"></skipped></testcase><testcase classname="pandas.tests.indexes.test_setops" name="test_union_different_types[mi-with-dt64tz-level-period]" time="0.001"><skipped message="This test doesn&apos;t consider multiindixes." type="pytest.xfail"></skipped></testcase><testcase classname="pandas.tests.indexes.test_setops" name="test_union_different_types[mi-with-dt64tz-level-timedelta]" time="0.001"><skipped message="This test doesn&apos;t consider multiindixes." type="pytest.xfail"></skipped></testcase><testcase classname="pandas.tests.indexes.test_setops" name="test_union_different_types[mi-with-dt64tz-level-int]" time="0.001"><skipped message="This test doesn&apos;t consider multiindixes." type="pytest.xfail"></skipped></testcase><testcase classname="pandas.tests.indexes.test_setops" name="test_union_different_types[mi-with-dt64tz-level-uint]" time="0.001"><skipped message="This test doesn&apos;t consider multiindixes." type="pytest.xfail"></skipped></testcase><testcase classname="pandas.tests.indexes.test_setops" name="test_union_different_types[mi-with-dt64tz-level-range]" time="0.001"><skipped message="This test doesn&apos;t consider multiindixes." type="pytest.xfail"></skipped></testcase><testcase classname="pandas.tests.indexes.test_setops" name="test_union_different_types[mi-with-dt64tz-level-float]" time="0.001"><skipped message="This test doesn&apos;t consider multiindixes." type="pytest.xfail"></skipped></testcase><testcase classname="pandas.tests.indexes.test_setops" name="test_union_different_types[mi-with-dt64tz-level-bool]" time="0.001"><skipped message="This test doesn&apos;t consider multiindixes." type="pytest.xfail"></skipped></testcase><testcase classname="pandas.tests.indexes.test_setops" name="test_union_different_types[mi-with-dt64tz-level-categorical]" time="0.001"><skipped message="This test doesn&apos;t consider multiindixes." type="pytest.xfail"></skipped></testcase><testcase classname="pandas.tests.indexes.test_setops" name="test_union_different_types[mi-with-dt64tz-level-interval]" time="0.001"><skipped message="This test doesn&apos;t consider multiindixes." type="pytest.xfail"></skipped></testcase><testcase classname="pandas.tests.indexes.test_setops" name="test_union_different_types[mi-with-dt64tz-level-empty]" time="0.001"><skipped message="This test doesn&apos;t consider multiindixes." type="pytest.xfail"></skipped></testcase><testcase classname="pandas.tests.indexes.test_setops" name="test_union_different_types[mi-with-dt64tz-level-tuples]" time="0.001"><skipped message="This test doesn&apos;t consider multiindixes." type="pytest.xfail"></skipped></testcase><testcase classname="pandas.tests.indexes.test_setops" name="test_union_different_types[mi-with-dt64tz-level-mi-with-dt64tz-level]" time="0.001"><skipped message="This test doesn&apos;t consider multiindixes." type="pytest.xfail"></skipped></testcase><testcase classname="pandas.tests.indexes.test_setops" name="test_union_different_types[mi-with-dt64tz-level-multi]" time="0.001"><skipped message="This test doesn&apos;t consider multiindixes." type="pytest.xfail"></skipped></testcase><testcase classname="pandas.tests.indexes.test_setops" name="test_union_different_types[mi-with-dt64tz-level-repeats]" time="0.001"><skipped message="This test doesn&apos;t consider multiindixes." type="pytest.xfail"></skipped></testcase><testcase classname="pandas.tests.indexes.test_setops" name="test_union_different_types[multi-unicode]" time="0.001"><skipped message="This test doesn&apos;t consider multiindixes." type="pytest.xfail"></skipped></testcase><testcase classname="pandas.tests.indexes.test_setops" name="test_union_different_types[multi-string]" time="0.001"><skipped message="This test doesn&apos;t consider multiindixes." type="pytest.xfail"></skipped></testcase><testcase classname="pandas.tests.indexes.test_setops" name="test_union_different_types[multi-datetime]" time="0.001"><skipped message="This test doesn&apos;t consider multiindixes." type="pytest.xfail"></skipped></testcase><testcase classname="pandas.tests.indexes.test_setops" name="test_union_different_types[multi-datetime-tz]" time="0.002"><skipped message="This test doesn&apos;t consider multiindixes." type="pytest.xfail"></skipped></testcase><testcase classname="pandas.tests.indexes.test_setops" name="test_union_different_types[multi-period]" time="0.002"><skipped message="This test doesn&apos;t consider multiindixes." type="pytest.xfail"></skipped></testcase><testcase classname="pandas.tests.indexes.test_setops" name="test_union_different_types[multi-timedelta]" time="0.001"><skipped message="This test doesn&apos;t consider multiindixes." type="pytest.xfail"></skipped></testcase><testcase classname="pandas.tests.indexes.test_setops" name="test_union_different_types[multi-int]" time="0.001"><skipped message="This test doesn&apos;t consider multiindixes." type="pytest.xfail"></skipped></testcase><testcase classname="pandas.tests.indexes.test_setops" name="test_union_different_types[multi-uint]" time="0.001"><skipped message="This test doesn&apos;t consider multiindixes." type="pytest.xfail"></skipped></testcase><testcase classname="pandas.tests.indexes.test_setops" name="test_union_different_types[multi-range]" time="0.001"><skipped message="This test doesn&apos;t consider multiindixes." type="pytest.xfail"></skipped></testcase><testcase classname="pandas.tests.indexes.test_setops" name="test_union_different_types[multi-float]" time="0.001"><skipped message="This test doesn&apos;t consider multiindixes." type="pytest.xfail"></skipped></testcase><testcase classname="pandas.tests.indexes.test_setops" name="test_union_different_types[multi-bool]" time="0.002"><skipped message="This test doesn&apos;t consider multiindixes." type="pytest.xfail"></skipped></testcase><testcase classname="pandas.tests.indexes.test_setops" name="test_union_different_types[multi-categorical]" time="0.001"><skipped message="This test doesn&apos;t consider multiindixes." type="pytest.xfail"></skipped></testcase><testcase classname="pandas.tests.indexes.test_setops" name="test_union_different_types[multi-interval]" time="0.001"><skipped message="This test doesn&apos;t consider multiindixes." type="pytest.xfail"></skipped></testcase><testcase classname="pandas.tests.indexes.test_setops" name="test_union_different_types[multi-empty]" time="0.001"><skipped message="This test doesn&apos;t consider multiindixes." type="pytest.xfail"></skipped></testcase><testcase classname="pandas.tests.indexes.test_setops" name="test_union_different_types[multi-tuples]" time="0.001"><skipped message="This test doesn&apos;t consider multiindixes." type="pytest.xfail"></skipped></testcase><testcase classname="pandas.tests.indexes.test_setops" name="test_union_different_types[multi-mi-with-dt64tz-level]" time="0.003"><skipped message="This test doesn&apos;t consider multiindixes." type="pytest.xfail"></skipped></testcase><testcase classname="pandas.tests.indexes.test_setops" name="test_union_different_types[multi-multi]" time="0.001"><skipped message="This test doesn&apos;t consider multiindixes." type="pytest.xfail"></skipped></testcase><testcase classname="pandas.tests.indexes.test_setops" name="test_union_different_types[multi-repeats]" time="0.002"><skipped message="This test doesn&apos;t consider multiindixes." type="pytest.xfail"></skipped></testcase><testcase classname="pandas.tests.indexes.test_setops" name="test_union_different_types[repeats-unicode]" time="0.002"></testcase><testcase classname="pandas.tests.indexes.test_setops" name="test_union_different_types[repeats-string]" time="0.002"></testcase><testcase classname="pandas.tests.indexes.test_setops" name="test_union_different_types[repeats-datetime]" time="0.003"></testcase><testcase classname="pandas.tests.indexes.test_setops" name="test_union_different_types[repeats-datetime-tz]" time="0.005"></testcase><testcase classname="pandas.tests.indexes.test_setops" name="test_union_different_types[repeats-period]" time="0.003"></testcase><testcase classname="pandas.tests.indexes.test_setops" name="test_union_different_types[repeats-timedelta]" time="0.003"></testcase><testcase classname="pandas.tests.indexes.test_setops" name="test_union_different_types[repeats-int]" time="0.001"><skipped message="This test only considers non matching dtypes." type="pytest.xfail"></skipped></testcase><testcase classname="pandas.tests.indexes.test_setops" name="test_union_different_types[repeats-uint]" time="0.002"></testcase><testcase classname="pandas.tests.indexes.test_setops" name="test_union_different_types[repeats-range]" time="0.001"><skipped message="This test only considers non compatible indexes." type="pytest.xfail"></skipped></testcase><testcase classname="pandas.tests.indexes.test_setops" name="test_union_different_types[repeats-float]" time="0.002"><skipped message="This test only considers non compatible indexes." type="pytest.xfail"></skipped></testcase><testcase classname="pandas.tests.indexes.test_setops" name="test_union_different_types[repeats-bool]" time="0.002"></testcase><testcase classname="pandas.tests.indexes.test_setops" name="test_union_different_types[repeats-categorical]" time="0.003"></testcase><testcase classname="pandas.tests.indexes.test_setops" name="test_union_different_types[repeats-interval]" time="0.004"></testcase><testcase classname="pandas.tests.indexes.test_setops" name="test_union_different_types[repeats-empty]" time="0.002"></testcase><testcase classname="pandas.tests.indexes.test_setops" name="test_union_different_types[repeats-tuples]" time="0.001"><skipped message="This test doesn&apos;t consider multiindixes." type="pytest.xfail"></skipped></testcase><testcase classname="pandas.tests.indexes.test_setops" name="test_union_different_types[repeats-mi-with-dt64tz-level]" time="0.001"><skipped message="This test doesn&apos;t consider multiindixes." type="pytest.xfail"></skipped></testcase><testcase classname="pandas.tests.indexes.test_setops" name="test_union_different_types[repeats-multi]" time="0.001"><skipped message="This test doesn&apos;t consider multiindixes." type="pytest.xfail"></skipped></testcase><testcase classname="pandas.tests.indexes.test_setops" name="test_union_different_types[repeats-repeats]" time="0.001"><skipped message="This test only considers non matching dtypes." type="pytest.xfail"></skipped></testcase><testcase classname="pandas.tests.indexes.test_setops" name="test_compatible_inconsistent_pairs[makeIntIndex-makeRangeIndex]" time="0.002"></testcase><testcase classname="pandas.tests.indexes.test_setops" name="test_compatible_inconsistent_pairs[makeFloatIndex-makeIntIndex0]" time="0.002"></testcase><testcase classname="pandas.tests.indexes.test_setops" name="test_compatible_inconsistent_pairs[makeFloatIndex-makeIntIndex1]" time="0.003"></testcase><testcase classname="pandas.tests.indexes.test_setops" name="test_compatible_inconsistent_pairs[makeFloatIndex-makeUIntIndex]" time="0.002"></testcase><testcase classname="pandas.tests.indexes.test_setops" name="test_union_dtypes[int64-int64-int64]" time="0.001"></testcase><testcase classname="pandas.tests.indexes.test_setops" name="test_union_dtypes[int64-uint64-object]" time="0.001"></testcase><testcase classname="pandas.tests.indexes.test_setops" name="test_union_dtypes[int64-float64-float64]" time="0.002"></testcase><testcase classname="pandas.tests.indexes.test_setops" name="test_union_dtypes[uint64-float64-float64]" time="0.001"></testcase><testcase classname="pandas.tests.indexes.test_setops" name="test_union_dtypes[uint64-uint64-uint64]" time="0.001"></testcase><testcase classname="pandas.tests.indexes.test_setops" name="test_union_dtypes[float64-float64-float64]" time="0.001"></testcase><testcase classname="pandas.tests.indexes.test_setops" name="test_union_dtypes[datetime64[ns]-int64-object]" time="0.002"></testcase><testcase classname="pandas.tests.indexes.test_setops" name="test_union_dtypes[datetime64[ns]-uint64-object]" time="0.001"></testcase><testcase classname="pandas.tests.indexes.test_setops" name="test_union_dtypes[datetime64[ns]-float64-object]" time="0.001"></testcase><testcase classname="pandas.tests.indexes.test_setops" name="test_union_dtypes[datetime64[ns, CET]-int64-object]" time="0.003"></testcase><testcase classname="pandas.tests.indexes.test_setops" name="test_union_dtypes[datetime64[ns, CET]-uint64-object]" time="0.001"></testcase><testcase classname="pandas.tests.indexes.test_setops" name="test_union_dtypes[datetime64[ns, CET]-float64-object]" time="0.001"></testcase><testcase classname="pandas.tests.indexes.test_setops" name="test_union_dtypes[Period[D]-int64-object]" time="0.002"></testcase><testcase classname="pandas.tests.indexes.test_setops" name="test_union_dtypes[Period[D]-uint64-object]" time="0.002"></testcase><testcase classname="pandas.tests.indexes.test_setops" name="test_union_dtypes[Period[D]-float64-object]" time="0.010"></testcase></testsuite></testsuites>